<?xml version="1.0" encoding="UTF-8"?>
<testng-results ignored="0" total="3" passed="3" failed="0" skipped="0">
  <reporter-output>
  </reporter-output>
  <suite started-at="2021-09-21T04:51:35 GMT-07:00" name="com.comcast.contacttest.ContactTest" finished-at="2021-09-21T04:51:35 GMT-07:00" duration-ms="108">
    <groups>
    </groups>
    <test started-at="2021-09-21T04:51:35 GMT-07:00" name="Command line test" finished-at="2021-09-21T04:51:35 GMT-07:00" duration-ms="108">
      <class name="com.comcast.contacttest.ContactTest">
        <test-method signature="createContatc1Test()[pri:0, instance:com.comcast.contacttest.ContactTest@47db50c5]" started-at="2021-09-21T04:51:35 GMT-07:00" name="createContatc1Test" finished-at="2021-09-21T04:51:35 GMT-07:00" duration-ms="9" status="PASS">
          <reporter-output>
          </reporter-output>
        </test-method> <!-- createContatc1Test -->
        <test-method signature="createContatc2Test()[pri:0, instance:com.comcast.contacttest.ContactTest@47db50c5]" started-at="2021-09-21T04:51:35 GMT-07:00" name="createContatc2Test" finished-at="2021-09-21T04:51:35 GMT-07:00" duration-ms="0" status="PASS">
          <reporter-output>
          </reporter-output>
        </test-method> <!-- createContatc2Test -->
        <test-method signature="createContatc3Test()[pri:0, instance:com.comcast.contacttest.ContactTest@47db50c5]" started-at="2021-09-21T04:51:35 GMT-07:00" name="createContatc3Test" finished-at="2021-09-21T04:51:35 GMT-07:00" duration-ms="0" status="PASS">
          <reporter-output>
          </reporter-output>
        </test-method> <!-- createContatc3Test -->
      </class> <!-- com.comcast.contacttest.ContactTest -->
    </test> <!-- Command line test -->
  </suite> <!-- com.comcast.contacttest.ContactTest -->
</testng-results>
