<?xml version="1.0" encoding="UTF-8"?>
<!-- Generated by org.testng.reporters.JUnitXMLReporter -->
<testsuite ignored="0" hostname="DESKTOP-HUHARSU" failures="0" tests="3" name="Command line test" time="0.108" errors="0" timestamp="2021-09-21T04:51:35 GMT-07:00">
  <testcase classname="com.comcast.contacttest.ContactTest" name="createContatc1Test" time="0.009"/>
  <testcase classname="com.comcast.contacttest.ContactTest" name="createContatc2Test" time="0.0"/>
  <testcase classname="com.comcast.contacttest.ContactTest" name="createContatc3Test" time="0.0"/>
</testsuite> <!-- Command line test -->
